<?xml version="1.0" encoding="UTF-8"?>
<!-- Generated by org.testng.reporters.JUnitXMLReporter -->
<testsuite hostname="ShanuDilipSingh10" ignored="0" name="Default test" tests="4" failures="0" timestamp="19 Nov 2021 20:21:32 GMT" time="0.891" errors="0">
  <testcase name="Method" time="0.012" classname="Utlities.getDataProvider"/>
  <testcase name="Method" time="0.002" classname="Utlities.getDataProvider"/>
  <testcase name="Method" time="0.003" classname="Utlities.getDataProvider"/>
  <testcase name="Method" time="0.003" classname="Utlities.getDataProvider"/>
</testsuite> <!-- Default test -->
