<?xml version="1.0" encoding="UTF-8"?>
<!-- Generated by org.testng.reporters.JUnitXMLReporter -->
<testsuite hostname="ShanuDilipSingh10" ignored="0" name="TC004Logout" tests="1" failures="1" timestamp="19 Nov 2021 21:50:05 GMT" time="10.08" errors="0">
  <testcase name="Loggingout" time="9.21" classname="Testcase.TC004Logout">
    <failure type="java.lang.AssertionError" message="expected [Customer2 Login] but found [Customer Login]">
      <![CDATA[java.lang.AssertionError: expected [Customer2 Login] but found [Customer Login]
at Testcase.TC004Logout.Loggingout(TC004Logout.java:23)
... Removed 31 stack frames]]>
    </failure>
  </testcase> <!-- Loggingout -->
</testsuite> <!-- TC004Logout -->
