<?xml version="1.0" encoding="UTF-8"?>
<!-- Generated by org.testng.reporters.JUnitXMLReporter -->
<testsuite hostname="ShanuDilipSingh10" ignored="6" name="Test" tests="4" failures="0" timestamp="18 Nov 2021 20:24:24 GMT" time="67.586" errors="0">
  <testcase name="Homepage" time="0.668" classname="Testcase.TC001Landing"/>
  <testcase name="AccountCreation" time="23.89" classname="Testcase.TC002Creatingaccount"/>
  <testcase name="singin" time="16.879" classname="Testcase.TC003SignIn"/>
  <testcase name="Loggingout" time="26.047" classname="Testcase.TC004Logout"/>
  <testcase name="@AfterSuite tearDown" time="0.0" classname="Base.Browser">
    <ignored/>
  </testcase> <!-- @AfterSuite tearDown -->
  <testcase name="@AfterSuite tearDown" time="0.0" classname="Base.Browser">
    <ignored/>
  </testcase> <!-- @AfterSuite tearDown -->
  <testcase name="@AfterSuite tearDown" time="0.0" classname="Base.Browser">
    <ignored/>
  </testcase> <!-- @AfterSuite tearDown -->
  <testcase name="@BeforeSuite WebdriverInit" time="0.0" classname="Base.Browser">
    <ignored/>
  </testcase> <!-- @BeforeSuite WebdriverInit -->
  <testcase name="@BeforeSuite WebdriverInit" time="0.0" classname="Base.Browser">
    <ignored/>
  </testcase> <!-- @BeforeSuite WebdriverInit -->
  <testcase name="@BeforeSuite WebdriverInit" time="0.0" classname="Base.Browser">
    <ignored/>
  </testcase> <!-- @BeforeSuite WebdriverInit -->
</testsuite> <!-- Test -->
